
Connected to: Oracle Database 18c Express Edition Release 18.0.0.0.0 - Production
Version 18.4.0.0.0
Export done in WE8MSWIN1252 character set and AL16UTF16 NCHAR character set
server uses AL32UTF8 character set (possible charset conversion)

About to export specified users ...
. exporting pre-schema procedural objects and actions
. exporting foreign function library names for user MCS_IPA_2 
. exporting PUBLIC type synonyms
. exporting private type synonyms
. exporting object type definitions for user MCS_IPA_2 
About to export MCS_IPA_2's objects ...
. exporting database links
. exporting sequence numbers
. exporting cluster definitions
. about to export MCS_IPA_2's tables via Conventional Path ...
. . exporting table                        ACTIONS         10 rows exported
EXP-00091: Exporting questionable statistics.
EXP-00091: Exporting questionable statistics.
EXP-00091: Exporting questionable statistics.
EXP-00091: Exporting questionable statistics.
. . exporting table                    ASPNETROLES          0 rows exported
EXP-00091: Exporting questionable statistics.
EXP-00091: Exporting questionable statistics.
. . exporting table               ASPNETUSERCLAIMS          0 rows exported
EXP-00091: Exporting questionable statistics.
EXP-00091: Exporting questionable statistics.
EXP-00091: Exporting questionable statistics.
. . exporting table               ASPNETUSERLOGINS          0 rows exported
EXP-00091: Exporting questionable statistics.
EXP-00091: Exporting questionable statistics.
EXP-00091: Exporting questionable statistics.
. . exporting table                ASPNETUSERROLES          0 rows exported
EXP-00091: Exporting questionable statistics.
EXP-00091: Exporting questionable statistics.
EXP-00091: Exporting questionable statistics.
EXP-00091: Exporting questionable statistics.
. . exporting table                    ASPNETUSERS         10 rows exported
EXP-00091: Exporting questionable statistics.
EXP-00091: Exporting questionable statistics.
. . exporting table         ASSIGNMENTGROUPDETAILS          0 rows exported
EXP-00091: Exporting questionable statistics.
EXP-00091: Exporting questionable statistics.
EXP-00091: Exporting questionable statistics.
EXP-00091: Exporting questionable statistics.
EXP-00091: Exporting questionable statistics.
. . exporting table               ASSIGNMENTGROUPS          0 rows exported
EXP-00091: Exporting questionable statistics.
EXP-00091: Exporting questionable statistics.
EXP-00091: Exporting questionable statistics.
EXP-00091: Exporting questionable statistics.
. . exporting table         ASSIGNMENTPAPERACTIONS          0 rows exported
EXP-00091: Exporting questionable statistics.
EXP-00091: Exporting questionable statistics.
EXP-00091: Exporting questionable statistics.
EXP-00091: Exporting questionable statistics.
. . exporting table   ASSIGNMENTPAPERBENEFICIARIES          1 rows exported
EXP-00091: Exporting questionable statistics.
EXP-00091: Exporting questionable statistics.
EXP-00091: Exporting questionable statistics.
EXP-00091: Exporting questionable statistics.
EXP-00091: Exporting questionable statistics.
. . exporting table               ASSIGNMENTPAPERS          1 rows exported
EXP-00091: Exporting questionable statistics.
EXP-00091: Exporting questionable statistics.
. . exporting table           ATTACHMENTEXTENSIONS          3 rows exported
EXP-00091: Exporting questionable statistics.
EXP-00091: Exporting questionable statistics.
. . exporting table                    ATTACHMENTS          1 rows exported
EXP-00091: Exporting questionable statistics.
EXP-00091: Exporting questionable statistics.
EXP-00091: Exporting questionable statistics.
EXP-00091: Exporting questionable statistics.
EXP-00091: Exporting questionable statistics.
. . exporting table                ATTACHMENTTYPES         77 rows exported
EXP-00091: Exporting questionable statistics.
EXP-00091: Exporting questionable statistics.
EXP-00091: Exporting questionable statistics.
. . exporting table                   AUDITDETAILS        711 rows exported
EXP-00091: Exporting questionable statistics.
EXP-00091: Exporting questionable statistics.
EXP-00091: Exporting questionable statistics.
. . exporting table                AUDITPROPERTIES
. . exporting table                         AUDITS        148 rows exported
EXP-00091: Exporting questionable statistics.
EXP-00091: Exporting questionable statistics.
. . exporting table                 BARCODEDESIGNS          4 rows exported
EXP-00091: Exporting questionable statistics.
EXP-00091: Exporting questionable statistics.
EXP-00091: Exporting questionable statistics.
EXP-00091: Exporting questionable statistics.
. . exporting table                       BARCODES         12 rows exported
EXP-00091: Exporting questionable statistics.
EXP-00091: Exporting questionable statistics.
EXP-00091: Exporting questionable statistics.
. . exporting table                    CHATCLIENTS          0 rows exported
EXP-00091: Exporting questionable statistics.
EXP-00091: Exporting questionable statistics.
EXP-00091: Exporting questionable statistics.
. . exporting table                   CHATMESSAGES          0 rows exported
. . exporting table             CHATMESSAGESSTATUS          0 rows exported
EXP-00091: Exporting questionable statistics.
EXP-00091: Exporting questionable statistics.
EXP-00091: Exporting questionable statistics.
EXP-00091: Exporting questionable statistics.
EXP-00091: Exporting questionable statistics.
. . exporting table           CHATROOMALLOWEDUSERS          0 rows exported
EXP-00091: Exporting questionable statistics.
EXP-00091: Exporting questionable statistics.
EXP-00091: Exporting questionable statistics.
EXP-00091: Exporting questionable statistics.
. . exporting table                 CHATROOMOWNERS          0 rows exported
EXP-00091: Exporting questionable statistics.
EXP-00091: Exporting questionable statistics.
EXP-00091: Exporting questionable statistics.
EXP-00091: Exporting questionable statistics.
. . exporting table                      CHATROOMS          0 rows exported
EXP-00091: Exporting questionable statistics.
EXP-00091: Exporting questionable statistics.
EXP-00091: Exporting questionable statistics.
EXP-00091: Exporting questionable statistics.
. . exporting table                  CHATROOMUSERS          0 rows exported
EXP-00091: Exporting questionable statistics.
EXP-00091: Exporting questionable statistics.
EXP-00091: Exporting questionable statistics.
EXP-00091: Exporting questionable statistics.
. . exporting table                         CITIES          0 rows exported
EXP-00091: Exporting questionable statistics.
EXP-00091: Exporting questionable statistics.
EXP-00091: Exporting questionable statistics.
. . exporting table                 COLLABORATIONS          0 rows exported
EXP-00091: Exporting questionable statistics.
EXP-00091: Exporting questionable statistics.
EXP-00091: Exporting questionable statistics.
EXP-00091: Exporting questionable statistics.
EXP-00091: Exporting questionable statistics.
EXP-00091: Exporting questionable statistics.
. . exporting table                 COUNTERDETAILS          6 rows exported
EXP-00091: Exporting questionable statistics.
EXP-00091: Exporting questionable statistics.
EXP-00091: Exporting questionable statistics.
EXP-00091: Exporting questionable statistics.
. . exporting table                       COUNTERS          1 rows exported
EXP-00091: Exporting questionable statistics.
EXP-00091: Exporting questionable statistics.
EXP-00091: Exporting questionable statistics.
. . exporting table                       CULTURES          2 rows exported
EXP-00091: Exporting questionable statistics.
EXP-00091: Exporting questionable statistics.
EXP-00091: Exporting questionable statistics.
. . exporting table        DISTRIBUTIONLISTDETAILS          0 rows exported
EXP-00091: Exporting questionable statistics.
EXP-00091: Exporting questionable statistics.
EXP-00091: Exporting questionable statistics.
EXP-00091: Exporting questionable statistics.
EXP-00091: Exporting questionable statistics.
. . exporting table              DISTRIBUTIONLISTS          0 rows exported
EXP-00091: Exporting questionable statistics.
EXP-00091: Exporting questionable statistics.
EXP-00091: Exporting questionable statistics.
EXP-00091: Exporting questionable statistics.
EXP-00091: Exporting questionable statistics.
. . exporting table                   DOCPROVIDERS          0 rows exported
EXP-00091: Exporting questionable statistics.
EXP-00091: Exporting questionable statistics.
. . exporting table             DOCUMENTATTRIBUTES          0 rows exported
EXP-00091: Exporting questionable statistics.
EXP-00091: Exporting questionable statistics.
. . exporting table                   DOCUMENTINFO         14 rows exported
EXP-00091: Exporting questionable statistics.
EXP-00091: Exporting questionable statistics.
EXP-00091: Exporting questionable statistics.
EXP-00091: Exporting questionable statistics.
EXP-00091: Exporting questionable statistics.
. . exporting table                      DOCUMENTS         14 rows exported
EXP-00091: Exporting questionable statistics.
EXP-00091: Exporting questionable statistics.
. . exporting table                    ESCALATIONS          0 rows exported
EXP-00091: Exporting questionable statistics.
EXP-00091: Exporting questionable statistics.
EXP-00091: Exporting questionable statistics.
EXP-00091: Exporting questionable statistics.
EXP-00091: Exporting questionable statistics.
EXP-00091: Exporting questionable statistics.
. . exporting table                   EXPLANATIONS          2 rows exported
EXP-00091: Exporting questionable statistics.
EXP-00091: Exporting questionable statistics.
EXP-00091: Exporting questionable statistics.
EXP-00091: Exporting questionable statistics.
EXP-00091: Exporting questionable statistics.
EXP-00091: Exporting questionable statistics.
. . exporting table                EXTERNALPARTIES         19 rows exported
EXP-00091: Exporting questionable statistics.
EXP-00091: Exporting questionable statistics.
EXP-00091: Exporting questionable statistics.
EXP-00091: Exporting questionable statistics.
EXP-00091: Exporting questionable statistics.
. . exporting table       EXTERNALPARTYATTACHMENTS          0 rows exported
EXP-00091: Exporting questionable statistics.
EXP-00091: Exporting questionable statistics.
EXP-00091: Exporting questionable statistics.
EXP-00091: Exporting questionable statistics.
EXP-00091: Exporting questionable statistics.
. . exporting table          EXTERNALPARTYMANAGERS          1 rows exported
EXP-00091: Exporting questionable statistics.
EXP-00091: Exporting questionable statistics.
EXP-00091: Exporting questionable statistics.
EXP-00091: Exporting questionable statistics.
. . exporting table                FOLLOWUPDETAILS          0 rows exported
EXP-00091: Exporting questionable statistics.
EXP-00091: Exporting questionable statistics.
EXP-00091: Exporting questionable statistics.
. . exporting table                  FOLLOWUPTASKS          0 rows exported
EXP-00091: Exporting questionable statistics.
EXP-00091: Exporting questionable statistics.
EXP-00091: Exporting questionable statistics.
EXP-00091: Exporting questionable statistics.
EXP-00091: Exporting questionable statistics.
EXP-00091: Exporting questionable statistics.
EXP-00091: Exporting questionable statistics.
EXP-00091: Exporting questionable statistics.
. . exporting table                FORMDEPARTMENTS          0 rows exported
EXP-00091: Exporting questionable statistics.
EXP-00091: Exporting questionable statistics.
EXP-00091: Exporting questionable statistics.
EXP-00091: Exporting questionable statistics.
. . exporting table                          FORMS          0 rows exported
EXP-00091: Exporting questionable statistics.
EXP-00091: Exporting questionable statistics.
EXP-00091: Exporting questionable statistics.
EXP-00091: Exporting questionable statistics.
. . exporting table               GROUPPERMISSIONS        290 rows exported
EXP-00091: Exporting questionable statistics.
EXP-00091: Exporting questionable statistics.
EXP-00091: Exporting questionable statistics.
EXP-00091: Exporting questionable statistics.
. . exporting table                         GROUPS         28 rows exported
EXP-00091: Exporting questionable statistics.
EXP-00091: Exporting questionable statistics.
EXP-00091: Exporting questionable statistics.
. . exporting table                 HUBATTACHMENTS          0 rows exported
EXP-00091: Exporting questionable statistics.
EXP-00091: Exporting questionable statistics.
EXP-00091: Exporting questionable statistics.
EXP-00091: Exporting questionable statistics.
EXP-00091: Exporting questionable statistics.
. . exporting table                     HUBRECORDS          0 rows exported
EXP-00091: Exporting questionable statistics.
EXP-00091: Exporting questionable statistics.
. . exporting table              HUBRELATEDPERSONS          0 rows exported
EXP-00091: Exporting questionable statistics.
EXP-00091: Exporting questionable statistics.
EXP-00091: Exporting questionable statistics.
. . exporting table                      HUBRQUIDS          0 rows exported
EXP-00091: Exporting questionable statistics.
EXP-00091: Exporting questionable statistics.
. . exporting table                HUBTRANSACTIONS          0 rows exported
EXP-00091: Exporting questionable statistics.
EXP-00091: Exporting questionable statistics.
EXP-00091: Exporting questionable statistics.
. . exporting table                      INSCOPETR
. . exporting table                    LETTERTYPES         49 rows exported
EXP-00091: Exporting questionable statistics.
EXP-00091: Exporting questionable statistics.
EXP-00091: Exporting questionable statistics.
. . exporting table                          LINKS          1 rows exported
EXP-00091: Exporting questionable statistics.
EXP-00091: Exporting questionable statistics.
EXP-00091: Exporting questionable statistics.
. . exporting table        LOCALIZATIONIDENTIFIERS        269 rows exported
EXP-00091: Exporting questionable statistics.
EXP-00091: Exporting questionable statistics.
. . exporting table                  LOCALIZATIONS        538 rows exported
EXP-00091: Exporting questionable statistics.
EXP-00091: Exporting questionable statistics.
EXP-00091: Exporting questionable statistics.
EXP-00091: Exporting questionable statistics.
. . exporting table            LOOKUPLOCALIZATIONS       1506 rows exported
EXP-00091: Exporting questionable statistics.
EXP-00091: Exporting questionable statistics.
EXP-00091: Exporting questionable statistics.
EXP-00091: Exporting questionable statistics.
. . exporting table                        LOOKUPS        756 rows exported
EXP-00091: Exporting questionable statistics.
EXP-00091: Exporting questionable statistics.
. . exporting table                          NAMES          0 rows exported
EXP-00091: Exporting questionable statistics.
EXP-00091: Exporting questionable statistics.
EXP-00091: Exporting questionable statistics.
EXP-00091: Exporting questionable statistics.
. . exporting table        NOTIFICATIONATTACHMENTS          0 rows exported
EXP-00091: Exporting questionable statistics.
EXP-00091: Exporting questionable statistics.
EXP-00091: Exporting questionable statistics.
. . exporting table            NOTIFICATIONDETAILS         29 rows exported
EXP-00091: Exporting questionable statistics.
EXP-00091: Exporting questionable statistics.
EXP-00091: Exporting questionable statistics.
EXP-00091: Exporting questionable statistics.
EXP-00091: Exporting questionable statistics.
. . exporting table                  NOTIFICATIONS         29 rows exported
EXP-00091: Exporting questionable statistics.
EXP-00091: Exporting questionable statistics.
EXP-00091: Exporting questionable statistics.
. . exporting table              NOTIFICATIONUSERS         29 rows exported
EXP-00091: Exporting questionable statistics.
EXP-00091: Exporting questionable statistics.
EXP-00091: Exporting questionable statistics.
EXP-00091: Exporting questionable statistics.
. . exporting table                   ORGUNITLINKS          0 rows exported
EXP-00091: Exporting questionable statistics.
EXP-00091: Exporting questionable statistics.
EXP-00091: Exporting questionable statistics.
EXP-00091: Exporting questionable statistics.
EXP-00091: Exporting questionable statistics.
. . exporting table                       ORGUNITS          3 rows exported
EXP-00091: Exporting questionable statistics.
EXP-00091: Exporting questionable statistics.
EXP-00091: Exporting questionable statistics.
EXP-00091: Exporting questionable statistics.
EXP-00091: Exporting questionable statistics.
EXP-00091: Exporting questionable statistics.
. . exporting table                    PERMISSIONS        149 rows exported
EXP-00091: Exporting questionable statistics.
EXP-00091: Exporting questionable statistics.
EXP-00091: Exporting questionable statistics.
. . exporting table                     PRIORITIES          3 rows exported
EXP-00091: Exporting questionable statistics.
EXP-00091: Exporting questionable statistics.
EXP-00091: Exporting questionable statistics.
. . exporting table             PRIORITYEXCEPTIONS          0 rows exported
EXP-00091: Exporting questionable statistics.
EXP-00091: Exporting questionable statistics.
EXP-00091: Exporting questionable statistics.
EXP-00091: Exporting questionable statistics.
EXP-00091: Exporting questionable statistics.
. . exporting table                      REPORTERS          0 rows exported
EXP-00091: Exporting questionable statistics.
EXP-00091: Exporting questionable statistics.
EXP-00091: Exporting questionable statistics.
EXP-00091: Exporting questionable statistics.
. . exporting table                      RESOURCES          0 rows exported
EXP-00091: Exporting questionable statistics.
EXP-00091: Exporting questionable statistics.
. . exporting table                       SETTINGS         60 rows exported
EXP-00091: Exporting questionable statistics.
EXP-00091: Exporting questionable statistics.
. . exporting table          SIGNEDDELIVERYREPORTS          0 rows exported
EXP-00091: Exporting questionable statistics.
EXP-00091: Exporting questionable statistics.
EXP-00091: Exporting questionable statistics.
. . exporting table         SUBJECTCLASSIFICATIONS          6 rows exported
EXP-00091: Exporting questionable statistics.
EXP-00091: Exporting questionable statistics.
EXP-00091: Exporting questionable statistics.
EXP-00091: Exporting questionable statistics.
. . exporting table                SUBJECTORGUNITS          0 rows exported
EXP-00091: Exporting questionable statistics.
EXP-00091: Exporting questionable statistics.
EXP-00091: Exporting questionable statistics.
EXP-00091: Exporting questionable statistics.
EXP-00091: Exporting questionable statistics.
. . exporting table                SUGGESTEDTOPICS          5 rows exported
EXP-00091: Exporting questionable statistics.
EXP-00091: Exporting questionable statistics.
EXP-00091: Exporting questionable statistics.
EXP-00091: Exporting questionable statistics.
. . exporting table            SYSTEMDEFAULTVALUES         15 rows exported
EXP-00091: Exporting questionable statistics.
EXP-00091: Exporting questionable statistics.
. . exporting table                 TASKEXTENSIONS          0 rows exported
EXP-00091: Exporting questionable statistics.
EXP-00091: Exporting questionable statistics.
EXP-00091: Exporting questionable statistics.
EXP-00091: Exporting questionable statistics.
. . exporting table                  TASKHISTORIES          1 rows exported
EXP-00091: Exporting questionable statistics.
EXP-00091: Exporting questionable statistics.
EXP-00091: Exporting questionable statistics.
EXP-00091: Exporting questionable statistics.
EXP-00091: Exporting questionable statistics.
EXP-00091: Exporting questionable statistics.
EXP-00091: Exporting questionable statistics.
EXP-00091: Exporting questionable statistics.
EXP-00091: Exporting questionable statistics.
. . exporting table                  TASKREMINDERS          0 rows exported
EXP-00091: Exporting questionable statistics.
EXP-00091: Exporting questionable statistics.
EXP-00091: Exporting questionable statistics.
. . exporting table                          TASKS          1 rows exported
EXP-00091: Exporting questionable statistics.
EXP-00091: Exporting questionable statistics.
EXP-00091: Exporting questionable statistics.
EXP-00091: Exporting questionable statistics.
EXP-00091: Exporting questionable statistics.
EXP-00091: Exporting questionable statistics.
EXP-00091: Exporting questionable statistics.
EXP-00091: Exporting questionable statistics.
EXP-00091: Exporting questionable statistics.
EXP-00091: Exporting questionable statistics.
EXP-00091: Exporting questionable statistics.
. . exporting table               TASKSATTACHMENTS          0 rows exported
EXP-00091: Exporting questionable statistics.
EXP-00091: Exporting questionable statistics.
EXP-00091: Exporting questionable statistics.
EXP-00091: Exporting questionable statistics.
. . exporting table                  TASKWORKFLOWS          0 rows exported
EXP-00091: Exporting questionable statistics.
EXP-00091: Exporting questionable statistics.
EXP-00091: Exporting questionable statistics.
EXP-00091: Exporting questionable statistics.
EXP-00091: Exporting questionable statistics.
. . exporting table         TEMP_COUNTERS_BYPERIOD
. . exporting table           TRANSACTIONASSIGNEES          0 rows exported
EXP-00091: Exporting questionable statistics.
EXP-00091: Exporting questionable statistics.
EXP-00091: Exporting questionable statistics.
EXP-00091: Exporting questionable statistics.
EXP-00091: Exporting questionable statistics.
. . exporting table TRANSACTIONASSIGNMENTHISTORIES         16 rows exported
EXP-00091: Exporting questionable statistics.
EXP-00091: Exporting questionable statistics.
EXP-00091: Exporting questionable statistics.
EXP-00091: Exporting questionable statistics.
EXP-00091: Exporting questionable statistics.
EXP-00091: Exporting questionable statistics.
EXP-00091: Exporting questionable statistics.
EXP-00091: Exporting questionable statistics.
EXP-00091: Exporting questionable statistics.
EXP-00091: Exporting questionable statistics.
EXP-00091: Exporting questionable statistics.
. . exporting table         TRANSACTIONASSIGNMENTS         11 rows exported
EXP-00091: Exporting questionable statistics.
EXP-00091: Exporting questionable statistics.
EXP-00091: Exporting questionable statistics.
EXP-00091: Exporting questionable statistics.
EXP-00091: Exporting questionable statistics.
EXP-00091: Exporting questionable statistics.
EXP-00091: Exporting questionable statistics.
EXP-00091: Exporting questionable statistics.
EXP-00091: Exporting questionable statistics.
EXP-00091: Exporting questionable statistics.
EXP-00091: Exporting questionable statistics.
EXP-00091: Exporting questionable statistics.
EXP-00091: Exporting questionable statistics.
. . exporting table              TRANSACTIONCOPIES          1 rows exported
EXP-00091: Exporting questionable statistics.
EXP-00091: Exporting questionable statistics.
EXP-00091: Exporting questionable statistics.
EXP-00091: Exporting questionable statistics.
EXP-00091: Exporting questionable statistics.
EXP-00091: Exporting questionable statistics.
EXP-00091: Exporting questionable statistics.
EXP-00091: Exporting questionable statistics.
. . exporting table     TRANSACTIONDELIVERYREPORTS          6 rows exported
EXP-00091: Exporting questionable statistics.
EXP-00091: Exporting questionable statistics.
EXP-00091: Exporting questionable statistics.
EXP-00091: Exporting questionable statistics.
EXP-00091: Exporting questionable statistics.
EXP-00091: Exporting questionable statistics.
EXP-00091: Exporting questionable statistics.
EXP-00091: Exporting questionable statistics.
. . exporting table       TRANSACTIONENTITYDETAILS         12 rows exported
EXP-00091: Exporting questionable statistics.
EXP-00091: Exporting questionable statistics.
EXP-00091: Exporting questionable statistics.
EXP-00091: Exporting questionable statistics.
. . exporting table      TRANSACTIONEXTERNALCOPIES          0 rows exported
EXP-00091: Exporting questionable statistics.
EXP-00091: Exporting questionable statistics.
EXP-00091: Exporting questionable statistics.
EXP-00091: Exporting questionable statistics.
EXP-00091: Exporting questionable statistics.
EXP-00091: Exporting questionable statistics.
EXP-00091: Exporting questionable statistics.
EXP-00091: Exporting questionable statistics.
. . exporting table           TRANSACTIONFOLLOWUPS          0 rows exported
EXP-00091: Exporting questionable statistics.
EXP-00091: Exporting questionable statistics.
EXP-00091: Exporting questionable statistics.
EXP-00091: Exporting questionable statistics.
EXP-00091: Exporting questionable statistics.
. . exporting table           TRANSACTIONHISTORIES         18 rows exported
EXP-00091: Exporting questionable statistics.
EXP-00091: Exporting questionable statistics.
EXP-00091: Exporting questionable statistics.
EXP-00091: Exporting questionable statistics.
EXP-00091: Exporting questionable statistics.
EXP-00091: Exporting questionable statistics.
EXP-00091: Exporting questionable statistics.
EXP-00091: Exporting questionable statistics.
EXP-00091: Exporting questionable statistics.
EXP-00091: Exporting questionable statistics.
EXP-00091: Exporting questionable statistics.
EXP-00091: Exporting questionable statistics.
EXP-00091: Exporting questionable statistics.
EXP-00091: Exporting questionable statistics.
EXP-00091: Exporting questionable statistics.
EXP-00091: Exporting questionable statistics.
EXP-00091: Exporting questionable statistics.
EXP-00091: Exporting questionable statistics.
EXP-00091: Exporting questionable statistics.
. . exporting table           TRANSACTIONINDEXLOGS          0 rows exported
EXP-00091: Exporting questionable statistics.
EXP-00091: Exporting questionable statistics.
. . exporting table               TRANSACTIONLINKS          0 rows exported
EXP-00091: Exporting questionable statistics.
EXP-00091: Exporting questionable statistics.
EXP-00091: Exporting questionable statistics.
EXP-00091: Exporting questionable statistics.
EXP-00091: Exporting questionable statistics.
. . exporting table                TRANSACTIONLOGS        345 rows exported
EXP-00091: Exporting questionable statistics.
EXP-00091: Exporting questionable statistics.
EXP-00091: Exporting questionable statistics.
EXP-00091: Exporting questionable statistics.
. . exporting table               TRANSACTIONNAMES          0 rows exported
EXP-00091: Exporting questionable statistics.
EXP-00091: Exporting questionable statistics.
EXP-00091: Exporting questionable statistics.
EXP-00091: Exporting questionable statistics.
. . exporting table         TRANSACTIONPATHDETAILS          0 rows exported
EXP-00091: Exporting questionable statistics.
EXP-00091: Exporting questionable statistics.
EXP-00091: Exporting questionable statistics.
EXP-00091: Exporting questionable statistics.
EXP-00091: Exporting questionable statistics.
EXP-00091: Exporting questionable statistics.
. . exporting table               TRANSACTIONPATHS          0 rows exported
EXP-00091: Exporting questionable statistics.
EXP-00091: Exporting questionable statistics.
EXP-00091: Exporting questionable statistics.
EXP-00091: Exporting questionable statistics.
EXP-00091: Exporting questionable statistics.
. . exporting table        TRANSACTIONRESERVATIONS          0 rows exported
EXP-00091: Exporting questionable statistics.
EXP-00091: Exporting questionable statistics.
EXP-00091: Exporting questionable statistics.
EXP-00091: Exporting questionable statistics.
EXP-00091: Exporting questionable statistics.
. . exporting table                   TRANSACTIONS         11 rows exported
EXP-00091: Exporting questionable statistics.
EXP-00091: Exporting questionable statistics.
EXP-00091: Exporting questionable statistics.
EXP-00091: Exporting questionable statistics.
EXP-00091: Exporting questionable statistics.
EXP-00091: Exporting questionable statistics.
EXP-00091: Exporting questionable statistics.
EXP-00091: Exporting questionable statistics.
EXP-00091: Exporting questionable statistics.
EXP-00091: Exporting questionable statistics.
EXP-00091: Exporting questionable statistics.
EXP-00091: Exporting questionable statistics.
EXP-00091: Exporting questionable statistics.
EXP-00091: Exporting questionable statistics.
EXP-00091: Exporting questionable statistics.
EXP-00091: Exporting questionable statistics.
EXP-00091: Exporting questionable statistics.
EXP-00091: Exporting questionable statistics.
EXP-00091: Exporting questionable statistics.
. . exporting table TRANSACTIONSUBJECTCLASSIFICATI          0 rows exported
EXP-00091: Exporting questionable statistics.
EXP-00091: Exporting questionable statistics.
EXP-00091: Exporting questionable statistics.
EXP-00091: Exporting questionable statistics.
. . exporting table               TRANSACTIONTYPES          4 rows exported
EXP-00091: Exporting questionable statistics.
EXP-00091: Exporting questionable statistics.
EXP-00091: Exporting questionable statistics.
EXP-00091: Exporting questionable statistics.
EXP-00091: Exporting questionable statistics.
EXP-00091: Exporting questionable statistics.
. . exporting table                          TRAYS         11 rows exported
EXP-00091: Exporting questionable statistics.
EXP-00091: Exporting questionable statistics.
EXP-00091: Exporting questionable statistics.
. . exporting table                 TT_REPORT_DATA
. . exporting table                        TT_TEMP
. . exporting table                 USERCATEGORIES          5 rows exported
EXP-00091: Exporting questionable statistics.
EXP-00091: Exporting questionable statistics.
EXP-00091: Exporting questionable statistics.
EXP-00091: Exporting questionable statistics.
. . exporting table              USERCATEGORYTRAYS         40 rows exported
EXP-00091: Exporting questionable statistics.
EXP-00091: Exporting questionable statistics.
EXP-00091: Exporting questionable statistics.
EXP-00091: Exporting questionable statistics.
. . exporting table                USERDELEGATIONS          1 rows exported
EXP-00091: Exporting questionable statistics.
EXP-00091: Exporting questionable statistics.
EXP-00091: Exporting questionable statistics.
EXP-00091: Exporting questionable statistics.
EXP-00091: Exporting questionable statistics.
EXP-00091: Exporting questionable statistics.
EXP-00091: Exporting questionable statistics.
EXP-00091: Exporting questionable statistics.
EXP-00091: Exporting questionable statistics.
. . exporting table                     USERGROUPS         10 rows exported
EXP-00091: Exporting questionable statistics.
EXP-00091: Exporting questionable statistics.
EXP-00091: Exporting questionable statistics.
EXP-00091: Exporting questionable statistics.
. . exporting table                    USERMOBILES          0 rows exported
EXP-00091: Exporting questionable statistics.
EXP-00091: Exporting questionable statistics.
EXP-00091: Exporting questionable statistics.
. . exporting table                USERPERMISSIONS          0 rows exported
EXP-00091: Exporting questionable statistics.
EXP-00091: Exporting questionable statistics.
EXP-00091: Exporting questionable statistics.
EXP-00091: Exporting questionable statistics.
EXP-00091: Exporting questionable statistics.
. . exporting table        USERPREFERENCEFOLLOWUPS          1 rows exported
EXP-00091: Exporting questionable statistics.
EXP-00091: Exporting questionable statistics.
EXP-00091: Exporting questionable statistics.
. . exporting table                USERPREFERENCES          6 rows exported
EXP-00091: Exporting questionable statistics.
EXP-00091: Exporting questionable statistics.
EXP-00091: Exporting questionable statistics.
EXP-00091: Exporting questionable statistics.
EXP-00091: Exporting questionable statistics.
. . exporting table            USERPROFILEORGUNITS          7 rows exported
EXP-00091: Exporting questionable statistics.
EXP-00091: Exporting questionable statistics.
EXP-00091: Exporting questionable statistics.
EXP-00091: Exporting questionable statistics.
. . exporting table                   USERPROFILES         10 rows exported
EXP-00091: Exporting questionable statistics.
EXP-00091: Exporting questionable statistics.
EXP-00091: Exporting questionable statistics.
EXP-00091: Exporting questionable statistics.
EXP-00091: Exporting questionable statistics.
EXP-00091: Exporting questionable statistics.
EXP-00091: Exporting questionable statistics.
. . exporting table            USERTRAYPREFERENCES         88 rows exported
EXP-00091: Exporting questionable statistics.
EXP-00091: Exporting questionable statistics.
EXP-00091: Exporting questionable statistics.
EXP-00091: Exporting questionable statistics.
. . exporting table                 YESSERMAPPINGS          0 rows exported
EXP-00091: Exporting questionable statistics.
EXP-00091: Exporting questionable statistics.
EXP-00091: Exporting questionable statistics.
. . exporting table               YESSERNEWENTITES          0 rows exported
EXP-00091: Exporting questionable statistics.
EXP-00091: Exporting questionable statistics.
. . exporting table             __MigrationHistory          1 rows exported
EXP-00091: Exporting questionable statistics.
EXP-00091: Exporting questionable statistics.
. exporting synonyms
. exporting views
. exporting stored procedures
. exporting operators
. exporting referential integrity constraints
. exporting triggers
. exporting indextypes
. exporting bitmap, functional and extensible indexes
. exporting posttables actions
. exporting materialized views
. exporting snapshot logs
. exporting job queues
. exporting refresh groups and children
. exporting dimensions
. exporting post-schema procedural objects and actions
. exporting statistics
Export terminated successfully with warnings.
